{"/Users/emiguel/ej-health-care-tracker/jest.mock.js": {"path":"/Users/emiguel/ej-health-care-tracker/jest.mock.js","statementMap":{"0":{"start":{"line":1,"column":0},"end":{"line":1,"column":34}}},"fnMap":{},"branchMap":{},"s":{"0":1},"f":{},"b":{},"_coverageSchema":"1a1c01bbd47fc00a2c39e90264f33305004495a9","hash":"339f0e5cc0581f3f0e43897afcb99161264c0a50"}
,"/Users/emiguel/ej-health-care-tracker/src/firebase.js": {"path":"/Users/emiguel/ej-health-care-tracker/src/firebase.js","statementMap":{"0":{"start":{"line":16,"column":23},"end":{"line":24,"column":1}},"1":{"start":{"line":27,"column":12},"end":{"line":27,"column":41}},"2":{"start":{"line":28,"column":18},"end":{"line":28,"column":35}},"3":{"start":{"line":31,"column":11},"end":{"line":31,"column":28}},"4":{"start":{"line":34,"column":13},"end":{"line":34,"column":25}}},"fnMap":{},"branchMap":{},"s":{"0":2,"1":2,"2":2,"3":2,"4":2},"f":{},"b":{},"_coverageSchema":"1a1c01bbd47fc00a2c39e90264f33305004495a9","hash":"334fc7e5373b95e0e5e19b6918be4c52f1ce074b"}
,"/Users/emiguel/ej-health-care-tracker/src/firebaseFunctions.js": {"path":"/Users/emiguel/ej-health-care-tracker/src/firebaseFunctions.js","statementMap":{"0":{"start":{"line":15,"column":33},"end":{"line":21,"column":1}},"1":{"start":{"line":16,"column":22},"end":{"line":16,"column":38}},"2":{"start":{"line":17,"column":2},"end":{"line":19,"column":3}},"3":{"start":{"line":18,"column":4},"end":{"line":18,"column":46}},"4":{"start":{"line":20,"column":2},"end":{"line":20,"column":25}},"5":{"start":{"line":23,"column":27},"end":{"line":34,"column":1}},"6":{"start":{"line":24,"column":19},"end":{"line":24,"column":62}},"7":{"start":{"line":26,"column":2},"end":{"line":33,"column":3}},"8":{"start":{"line":27,"column":4},"end":{"line":30,"column":5}},"9":{"start":{"line":27,"column":33},"end":{"line":27,"column":52}},"10":{"start":{"line":28,"column":6},"end":{"line":28,"column":28}},"11":{"start":{"line":29,"column":6},"end":{"line":29,"column":60}},"12":{"start":{"line":32,"column":4},"end":{"line":32,"column":22}},"13":{"start":{"line":36,"column":27},"end":{"line":39,"column":1}},"14":{"start":{"line":37,"column":22},"end":{"line":37,"column":78}},"15":{"start":{"line":37,"column":63},"end":{"line":37,"column":77}},"16":{"start":{"line":38,"column":2},"end":{"line":38,"column":57}},"17":{"start":{"line":41,"column":21},"end":{"line":55,"column":1}},"18":{"start":{"line":42,"column":2},"end":{"line":54,"column":3}},"19":{"start":{"line":43,"column":19},"end":{"line":43,"column":38}},"20":{"start":{"line":44,"column":19},"end":{"line":48,"column":6}},"21":{"start":{"line":49,"column":4},"end":{"line":49,"column":63}},"22":{"start":{"line":51,"column":4},"end":{"line":51,"column":67}},"23":{"start":{"line":53,"column":4},"end":{"line":53,"column":56}},"24":{"start":{"line":57,"column":33},"end":{"line":67,"column":1}},"25":{"start":{"line":58,"column":2},"end":{"line":66,"column":3}},"26":{"start":{"line":59,"column":19},"end":{"line":59,"column":38}},"27":{"start":{"line":60,"column":27},"end":{"line":60,"column":95}},"28":{"start":{"line":61,"column":26},"end":{"line":61,"column":55}},"29":{"start":{"line":62,"column":4},"end":{"line":62,"column":76}},"30":{"start":{"line":62,"column":44},"end":{"line":62,"column":73}},"31":{"start":{"line":64,"column":4},"end":{"line":64,"column":61}},"32":{"start":{"line":65,"column":4},"end":{"line":65,"column":14}},"33":{"start":{"line":69,"column":35},"end":{"line":82,"column":1}},"34":{"start":{"line":70,"column":2},"end":{"line":81,"column":3}},"35":{"start":{"line":72,"column":19},"end":{"line":72,"column":46}},"36":{"start":{"line":73,"column":4},"end":{"line":73,"column":79}},"37":{"start":{"line":75,"column":4},"end":{"line":75,"column":28}},"38":{"start":{"line":76,"column":4},"end":{"line":76,"column":58}},"39":{"start":{"line":78,"column":4},"end":{"line":78,"column":43}},"40":{"start":{"line":80,"column":4},"end":{"line":80,"column":62}},"41":{"start":{"line":87,"column":31},"end":{"line":87,"column":97}},"42":{"start":{"line":87,"column":52},"end":{"line":87,"column":97}},"43":{"start":{"line":90,"column":43},"end":{"line":90,"column":89}},"44":{"start":{"line":90,"column":49},"end":{"line":90,"column":89}},"45":{"start":{"line":93,"column":45},"end":{"line":93,"column":99}},"46":{"start":{"line":93,"column":53},"end":{"line":93,"column":99}},"47":{"start":{"line":98,"column":30},"end":{"line":98,"column":93}},"48":{"start":{"line":98,"column":50},"end":{"line":98,"column":93}},"49":{"start":{"line":101,"column":42},"end":{"line":101,"column":87}},"50":{"start":{"line":101,"column":48},"end":{"line":101,"column":87}},"51":{"start":{"line":104,"column":44},"end":{"line":104,"column":97}},"52":{"start":{"line":104,"column":52},"end":{"line":104,"column":97}},"53":{"start":{"line":109,"column":29},"end":{"line":109,"column":89}},"54":{"start":{"line":109,"column":48},"end":{"line":109,"column":89}},"55":{"start":{"line":112,"column":41},"end":{"line":112,"column":85}},"56":{"start":{"line":112,"column":47},"end":{"line":112,"column":85}},"57":{"start":{"line":115,"column":43},"end":{"line":115,"column":95}},"58":{"start":{"line":115,"column":51},"end":{"line":115,"column":95}},"59":{"start":{"line":119,"column":29},"end":{"line":135,"column":1}},"60":{"start":{"line":120,"column":2},"end":{"line":134,"column":3}},"61":{"start":{"line":121,"column":19},"end":{"line":121,"column":38}},"62":{"start":{"line":122,"column":23},"end":{"line":122,"column":47}},"63":{"start":{"line":123,"column":25},"end":{"line":123,"column":49}},"64":{"start":{"line":125,"column":4},"end":{"line":130,"column":5}},"65":{"start":{"line":126,"column":6},"end":{"line":126,"column":33}},"66":{"start":{"line":128,"column":6},"end":{"line":128,"column":40}},"67":{"start":{"line":129,"column":6},"end":{"line":129,"column":18}},"68":{"start":{"line":132,"column":4},"end":{"line":132,"column":54}},"69":{"start":{"line":133,"column":4},"end":{"line":133,"column":16}},"70":{"start":{"line":137,"column":28},"end":{"line":154,"column":1}},"71":{"start":{"line":138,"column":19},"end":{"line":138,"column":43}},"72":{"start":{"line":141,"column":2},"end":{"line":141,"column":54}},"73":{"start":{"line":143,"column":2},"end":{"line":153,"column":3}},"74":{"start":{"line":144,"column":19},"end":{"line":144,"column":56}},"75":{"start":{"line":145,"column":4},"end":{"line":145,"column":59}},"76":{"start":{"line":148,"column":17},"end":{"line":148,"column":28}},"77":{"start":{"line":149,"column":4},"end":{"line":149,"column":36}},"78":{"start":{"line":152,"column":4},"end":{"line":152,"column":65}},"79":{"start":{"line":158,"column":29},"end":{"line":172,"column":1}},"80":{"start":{"line":159,"column":2},"end":{"line":171,"column":3}},"81":{"start":{"line":160,"column":4},"end":{"line":160,"column":32}},"82":{"start":{"line":162,"column":4},"end":{"line":162,"column":44}},"83":{"start":{"line":163,"column":4},"end":{"line":163,"column":43}},"84":{"start":{"line":164,"column":4},"end":{"line":164,"column":42}},"85":{"start":{"line":165,"column":4},"end":{"line":165,"column":51}},"86":{"start":{"line":167,"column":4},"end":{"line":167,"column":29}},"87":{"start":{"line":169,"column":4},"end":{"line":169,"column":59}},"88":{"start":{"line":170,"column":4},"end":{"line":170,"column":54}},"89":{"start":{"line":176,"column":29},"end":{"line":185,"column":1}},"90":{"start":{"line":177,"column":17},"end":{"line":177,"column":26}},"91":{"start":{"line":178,"column":17},"end":{"line":178,"column":33}},"92":{"start":{"line":180,"column":4},"end":{"line":182,"column":5}},"93":{"start":{"line":181,"column":8},"end":{"line":181,"column":59}},"94":{"start":{"line":184,"column":4},"end":{"line":184,"column":27}}},"fnMap":{"0":{"name":"(anonymous_0)","decl":{"start":{"line":15,"column":33},"end":{"line":15,"column":34}},"loc":{"start":{"line":15,"column":39},"end":{"line":21,"column":1}},"line":15},"1":{"name":"(anonymous_1)","decl":{"start":{"line":23,"column":27},"end":{"line":23,"column":28}},"loc":{"start":{"line":23,"column":49},"end":{"line":34,"column":1}},"line":23},"2":{"name":"(anonymous_2)","decl":{"start":{"line":27,"column":25},"end":{"line":27,"column":26}},"loc":{"start":{"line":27,"column":33},"end":{"line":27,"column":52}},"line":27},"3":{"name":"(anonymous_3)","decl":{"start":{"line":36,"column":27},"end":{"line":36,"column":28}},"loc":{"start":{"line":36,"column":40},"end":{"line":39,"column":1}},"line":36},"4":{"name":"(anonymous_4)","decl":{"start":{"line":37,"column":53},"end":{"line":37,"column":54}},"loc":{"start":{"line":37,"column":63},"end":{"line":37,"column":77}},"line":37},"5":{"name":"(anonymous_5)","decl":{"start":{"line":41,"column":21},"end":{"line":41,"column":22}},"loc":{"start":{"line":41,"column":53},"end":{"line":55,"column":1}},"line":41},"6":{"name":"(anonymous_6)","decl":{"start":{"line":57,"column":33},"end":{"line":57,"column":34}},"loc":{"start":{"line":57,"column":59},"end":{"line":67,"column":1}},"line":57},"7":{"name":"(anonymous_7)","decl":{"start":{"line":62,"column":34},"end":{"line":62,"column":35}},"loc":{"start":{"line":62,"column":44},"end":{"line":62,"column":73}},"line":62},"8":{"name":"(anonymous_8)","decl":{"start":{"line":69,"column":35},"end":{"line":69,"column":36}},"loc":{"start":{"line":69,"column":65},"end":{"line":82,"column":1}},"line":69},"9":{"name":"(anonymous_9)","decl":{"start":{"line":87,"column":31},"end":{"line":87,"column":32}},"loc":{"start":{"line":87,"column":52},"end":{"line":87,"column":97}},"line":87},"10":{"name":"(anonymous_10)","decl":{"start":{"line":90,"column":43},"end":{"line":90,"column":44}},"loc":{"start":{"line":90,"column":49},"end":{"line":90,"column":89}},"line":90},"11":{"name":"(anonymous_11)","decl":{"start":{"line":93,"column":45},"end":{"line":93,"column":46}},"loc":{"start":{"line":93,"column":53},"end":{"line":93,"column":99}},"line":93},"12":{"name":"(anonymous_12)","decl":{"start":{"line":98,"column":30},"end":{"line":98,"column":31}},"loc":{"start":{"line":98,"column":50},"end":{"line":98,"column":93}},"line":98},"13":{"name":"(anonymous_13)","decl":{"start":{"line":101,"column":42},"end":{"line":101,"column":43}},"loc":{"start":{"line":101,"column":48},"end":{"line":101,"column":87}},"line":101},"14":{"name":"(anonymous_14)","decl":{"start":{"line":104,"column":44},"end":{"line":104,"column":45}},"loc":{"start":{"line":104,"column":52},"end":{"line":104,"column":97}},"line":104},"15":{"name":"(anonymous_15)","decl":{"start":{"line":109,"column":29},"end":{"line":109,"column":30}},"loc":{"start":{"line":109,"column":48},"end":{"line":109,"column":89}},"line":109},"16":{"name":"(anonymous_16)","decl":{"start":{"line":112,"column":41},"end":{"line":112,"column":42}},"loc":{"start":{"line":112,"column":47},"end":{"line":112,"column":85}},"line":112},"17":{"name":"(anonymous_17)","decl":{"start":{"line":115,"column":43},"end":{"line":115,"column":44}},"loc":{"start":{"line":115,"column":51},"end":{"line":115,"column":95}},"line":115},"18":{"name":"(anonymous_18)","decl":{"start":{"line":119,"column":29},"end":{"line":119,"column":30}},"loc":{"start":{"line":119,"column":41},"end":{"line":135,"column":1}},"line":119},"19":{"name":"(anonymous_19)","decl":{"start":{"line":137,"column":28},"end":{"line":137,"column":29}},"loc":{"start":{"line":137,"column":40},"end":{"line":154,"column":1}},"line":137},"20":{"name":"(anonymous_20)","decl":{"start":{"line":158,"column":29},"end":{"line":158,"column":30}},"loc":{"start":{"line":158,"column":41},"end":{"line":172,"column":1}},"line":158},"21":{"name":"(anonymous_21)","decl":{"start":{"line":176,"column":29},"end":{"line":176,"column":30}},"loc":{"start":{"line":176,"column":41},"end":{"line":185,"column":1}},"line":176}},"branchMap":{"0":{"loc":{"start":{"line":17,"column":2},"end":{"line":19,"column":3}},"type":"if","locations":[{"start":{"line":17,"column":2},"end":{"line":19,"column":3}},{"start":{},"end":{}}],"line":17},"1":{"loc":{"start":{"line":23,"column":33},"end":{"line":23,"column":44}},"type":"default-arg","locations":[{"start":{"line":23,"column":40},"end":{"line":23,"column":44}}],"line":23},"2":{"loc":{"start":{"line":24,"column":19},"end":{"line":24,"column":62}},"type":"binary-expr","locations":[{"start":{"line":24,"column":19},"end":{"line":24,"column":56}},{"start":{"line":24,"column":60},"end":{"line":24,"column":62}}],"line":24},"3":{"loc":{"start":{"line":26,"column":2},"end":{"line":33,"column":3}},"type":"if","locations":[{"start":{"line":26,"column":2},"end":{"line":33,"column":3}},{"start":{"line":31,"column":9},"end":{"line":33,"column":3}}],"line":26},"4":{"loc":{"start":{"line":27,"column":4},"end":{"line":30,"column":5}},"type":"if","locations":[{"start":{"line":27,"column":4},"end":{"line":30,"column":5}},{"start":{},"end":{}}],"line":27},"5":{"loc":{"start":{"line":125,"column":4},"end":{"line":130,"column":5}},"type":"if","locations":[{"start":{"line":125,"column":4},"end":{"line":130,"column":5}},{"start":{"line":127,"column":11},"end":{"line":130,"column":5}}],"line":125},"6":{"loc":{"start":{"line":180,"column":4},"end":{"line":182,"column":5}},"type":"if","locations":[{"start":{"line":180,"column":4},"end":{"line":182,"column":5}},{"start":{},"end":{}}],"line":180}},"s":{"0":2,"1":2,"2":2,"3":0,"4":2,"5":2,"6":1,"7":1,"8":1,"9":0,"10":1,"11":1,"12":0,"13":2,"14":0,"15":0,"16":0,"17":2,"18":2,"19":2,"20":2,"21":1,"22":1,"23":1,"24":2,"25":0,"26":0,"27":0,"28":0,"29":0,"30":0,"31":0,"32":0,"33":2,"34":0,"35":0,"36":0,"37":0,"38":0,"39":0,"40":0,"41":2,"42":2,"43":2,"44":0,"45":2,"46":0,"47":2,"48":0,"49":2,"50":0,"51":2,"52":0,"53":2,"54":0,"55":2,"56":0,"57":2,"58":0,"59":2,"60":0,"61":0,"62":0,"63":0,"64":0,"65":0,"66":0,"67":0,"68":0,"69":0,"70":2,"71":0,"72":0,"73":0,"74":0,"75":0,"76":0,"77":0,"78":0,"79":2,"80":0,"81":0,"82":0,"83":0,"84":0,"85":0,"86":0,"87":0,"88":0,"89":2,"90":0,"91":0,"92":0,"93":0,"94":0},"f":{"0":2,"1":1,"2":0,"3":0,"4":0,"5":2,"6":0,"7":0,"8":0,"9":2,"10":0,"11":0,"12":0,"13":0,"14":0,"15":0,"16":0,"17":0,"18":0,"19":0,"20":0,"21":0},"b":{"0":[0,2],"1":[0],"2":[1,0],"3":[1,0],"4":[1,0],"5":[0,0],"6":[0,0]},"_coverageSchema":"1a1c01bbd47fc00a2c39e90264f33305004495a9","hash":"eef13e2e3ed02c71a6eacb037a101b8ed665c7a7"}
,"/Users/emiguel/ej-health-care-tracker/src/components/AppointmentsForm.jsx": {"path":"/Users/emiguel/ej-health-care-tracker/src/components/AppointmentsForm.jsx","statementMap":{"0":{"start":{"line":21,"column":25},"end":{"line":137,"column":1}},"1":{"start":{"line":22,"column":48},"end":{"line":22,"column":60}},"2":{"start":{"line":23,"column":48},"end":{"line":23,"column":60}},"3":{"start":{"line":24,"column":38},"end":{"line":24,"column":50}},"4":{"start":{"line":25,"column":52},"end":{"line":25,"column":64}},"5":{"start":{"line":28,"column":2},"end":{"line":35,"column":26}},"6":{"start":{"line":29,"column":4},"end":{"line":34,"column":5}},"7":{"start":{"line":30,"column":6},"end":{"line":30,"column":60}},"8":{"start":{"line":31,"column":6},"end":{"line":31,"column":60}},"9":{"start":{"line":32,"column":6},"end":{"line":32,"column":50}},"10":{"start":{"line":33,"column":6},"end":{"line":33,"column":64}},"11":{"start":{"line":40,"column":23},"end":{"line":62,"column":3}},"12":{"start":{"line":41,"column":4},"end":{"line":41,"column":23}},"13":{"start":{"line":43,"column":28},"end":{"line":43,"column":95}},"14":{"start":{"line":46,"column":4},"end":{"line":61,"column":5}},"15":{"start":{"line":47,"column":6},"end":{"line":47,"column":45}},"16":{"start":{"line":50,"column":35},"end":{"line":50,"column":89}},"17":{"start":{"line":51,"column":6},"end":{"line":51,"column":49}},"18":{"start":{"line":52,"column":6},"end":{"line":52,"column":81}},"19":{"start":{"line":55,"column":6},"end":{"line":55,"column":29}},"20":{"start":{"line":56,"column":6},"end":{"line":56,"column":29}},"21":{"start":{"line":57,"column":6},"end":{"line":57,"column":24}},"22":{"start":{"line":58,"column":6},"end":{"line":58,"column":31}},"23":{"start":{"line":60,"column":6},"end":{"line":60,"column":56}},"24":{"start":{"line":67,"column":28},"end":{"line":71,"column":3}},"25":{"start":{"line":68,"column":4},"end":{"line":70,"column":5}},"26":{"start":{"line":69,"column":6},"end":{"line":69,"column":38}},"27":{"start":{"line":73,"column":2},"end":{"line":136,"column":4}},"28":{"start":{"line":85,"column":31},"end":{"line":85,"column":65}},"29":{"start":{"line":97,"column":31},"end":{"line":97,"column":65}},"30":{"start":{"line":109,"column":31},"end":{"line":109,"column":60}},"31":{"start":{"line":121,"column":31},"end":{"line":121,"column":67}},"32":{"start":{"line":140,"column":0},"end":{"line":148,"column":2}}},"fnMap":{"0":{"name":"(anonymous_0)","decl":{"start":{"line":21,"column":25},"end":{"line":21,"column":26}},"loc":{"start":{"line":21,"column":66},"end":{"line":137,"column":1}},"line":21},"1":{"name":"(anonymous_1)","decl":{"start":{"line":28,"column":12},"end":{"line":28,"column":13}},"loc":{"start":{"line":28,"column":18},"end":{"line":35,"column":3}},"line":28},"2":{"name":"(anonymous_2)","decl":{"start":{"line":40,"column":23},"end":{"line":40,"column":24}},"loc":{"start":{"line":40,"column":36},"end":{"line":62,"column":3}},"line":40},"3":{"name":"(anonymous_3)","decl":{"start":{"line":67,"column":28},"end":{"line":67,"column":29}},"loc":{"start":{"line":67,"column":34},"end":{"line":71,"column":3}},"line":67},"4":{"name":"(anonymous_4)","decl":{"start":{"line":85,"column":24},"end":{"line":85,"column":25}},"loc":{"start":{"line":85,"column":31},"end":{"line":85,"column":65}},"line":85},"5":{"name":"(anonymous_5)","decl":{"start":{"line":97,"column":24},"end":{"line":97,"column":25}},"loc":{"start":{"line":97,"column":31},"end":{"line":97,"column":65}},"line":97},"6":{"name":"(anonymous_6)","decl":{"start":{"line":109,"column":24},"end":{"line":109,"column":25}},"loc":{"start":{"line":109,"column":31},"end":{"line":109,"column":60}},"line":109},"7":{"name":"(anonymous_7)","decl":{"start":{"line":121,"column":24},"end":{"line":121,"column":25}},"loc":{"start":{"line":121,"column":31},"end":{"line":121,"column":67}},"line":121}},"branchMap":{"0":{"loc":{"start":{"line":29,"column":4},"end":{"line":34,"column":5}},"type":"if","locations":[{"start":{"line":29,"column":4},"end":{"line":34,"column":5}},{"start":{},"end":{}}],"line":29},"1":{"loc":{"start":{"line":50,"column":35},"end":{"line":50,"column":89}},"type":"binary-expr","locations":[{"start":{"line":50,"column":35},"end":{"line":50,"column":83}},{"start":{"line":50,"column":87},"end":{"line":50,"column":89}}],"line":50},"2":{"loc":{"start":{"line":68,"column":4},"end":{"line":70,"column":5}},"type":"if","locations":[{"start":{"line":68,"column":4},"end":{"line":70,"column":5}},{"start":{},"end":{}}],"line":68},"3":{"loc":{"start":{"line":76,"column":13},"end":{"line":76,"column":79}},"type":"cond-expr","locations":[{"start":{"line":76,"column":33},"end":{"line":76,"column":51}},{"start":{"line":76,"column":54},"end":{"line":76,"column":79}}],"line":76},"4":{"loc":{"start":{"line":130,"column":11},"end":{"line":132,"column":11}},"type":"binary-expr","locations":[{"start":{"line":130,"column":11},"end":{"line":130,"column":28}},{"start":{"line":131,"column":12},"end":{"line":131,"column":112}}],"line":130}},"s":{"0":1,"1":9,"2":9,"3":9,"4":9,"5":9,"6":3,"7":1,"8":1,"9":1,"10":1,"11":9,"12":1,"13":1,"14":1,"15":1,"16":1,"17":1,"18":1,"19":1,"20":1,"21":1,"22":1,"23":0,"24":9,"25":1,"26":1,"27":9,"28":1,"29":1,"30":1,"31":1,"32":1},"f":{"0":9,"1":3,"2":1,"3":1,"4":1,"5":1,"6":1,"7":1},"b":{"0":[1,2],"1":[1,1],"2":[1,0],"3":[2,7],"4":[9,2]},"_coverageSchema":"1a1c01bbd47fc00a2c39e90264f33305004495a9","hash":"95127137f3b325b8341173a9c18d2d004910996c"}
,"/Users/emiguel/ej-health-care-tracker/src/components/AuthContext.jsx": {"path":"/Users/emiguel/ej-health-care-tracker/src/components/AuthContext.jsx","statementMap":{"0":{"start":{"line":14,"column":27},"end":{"line":14,"column":42}},"1":{"start":{"line":17,"column":28},"end":{"line":48,"column":1}},"2":{"start":{"line":18,"column":26},"end":{"line":18,"column":40}},"3":{"start":{"line":19,"column":32},"end":{"line":19,"column":46}},"4":{"start":{"line":21,"column":2},"end":{"line":36,"column":9}},"5":{"start":{"line":22,"column":17},"end":{"line":22,"column":26}},"6":{"start":{"line":25,"column":24},"end":{"line":32,"column":6}},"7":{"start":{"line":26,"column":6},"end":{"line":30,"column":7}},"8":{"start":{"line":27,"column":8},"end":{"line":27,"column":29}},"9":{"start":{"line":29,"column":8},"end":{"line":29,"column":22}},"10":{"start":{"line":31,"column":6},"end":{"line":31,"column":24}},"11":{"start":{"line":35,"column":4},"end":{"line":35,"column":31}},"12":{"start":{"line":35,"column":17},"end":{"line":35,"column":30}},"13":{"start":{"line":38,"column":2},"end":{"line":40,"column":3}},"14":{"start":{"line":39,"column":4},"end":{"line":39,"column":33}},"15":{"start":{"line":42,"column":2},"end":{"line":47,"column":4}}},"fnMap":{"0":{"name":"(anonymous_0)","decl":{"start":{"line":17,"column":28},"end":{"line":17,"column":29}},"loc":{"start":{"line":17,"column":46},"end":{"line":48,"column":1}},"line":17},"1":{"name":"(anonymous_1)","decl":{"start":{"line":21,"column":12},"end":{"line":21,"column":13}},"loc":{"start":{"line":21,"column":18},"end":{"line":36,"column":3}},"line":21},"2":{"name":"(anonymous_2)","decl":{"start":{"line":25,"column":49},"end":{"line":25,"column":50}},"loc":{"start":{"line":25,"column":66},"end":{"line":32,"column":5}},"line":25},"3":{"name":"(anonymous_3)","decl":{"start":{"line":35,"column":11},"end":{"line":35,"column":12}},"loc":{"start":{"line":35,"column":17},"end":{"line":35,"column":30}},"line":35}},"branchMap":{"0":{"loc":{"start":{"line":26,"column":6},"end":{"line":30,"column":7}},"type":"if","locations":[{"start":{"line":26,"column":6},"end":{"line":30,"column":7}},{"start":{"line":28,"column":13},"end":{"line":30,"column":7}}],"line":26},"1":{"loc":{"start":{"line":38,"column":2},"end":{"line":40,"column":3}},"type":"if","locations":[{"start":{"line":38,"column":2},"end":{"line":40,"column":3}},{"start":{},"end":{}}],"line":38}},"s":{"0":1,"1":1,"2":5,"3":5,"4":5,"5":3,"6":3,"7":2,"8":1,"9":1,"10":2,"11":3,"12":3,"13":5,"14":3,"15":2},"f":{"0":5,"1":3,"2":2,"3":3},"b":{"0":[1,1],"1":[3,2]},"_coverageSchema":"1a1c01bbd47fc00a2c39e90264f33305004495a9","hash":"cb46d2d7b3924867f3a4bef3b1696f402066bd37"}
,"/Users/emiguel/ej-health-care-tracker/src/components/FunZone.jsx": {"path":"/Users/emiguel/ej-health-care-tracker/src/components/FunZone.jsx","statementMap":{"0":{"start":{"line":15,"column":26},"end":{"line":15,"column":38}},"1":{"start":{"line":16,"column":32},"end":{"line":16,"column":47}},"2":{"start":{"line":17,"column":28},"end":{"line":17,"column":42}},"3":{"start":{"line":20,"column":20},"end":{"line":40,"column":3}},"4":{"start":{"line":21,"column":4},"end":{"line":21,"column":21}},"5":{"start":{"line":22,"column":4},"end":{"line":22,"column":19}},"6":{"start":{"line":24,"column":4},"end":{"line":39,"column":5}},"7":{"start":{"line":25,"column":23},"end":{"line":27,"column":7}},"8":{"start":{"line":28,"column":19},"end":{"line":28,"column":40}},"9":{"start":{"line":30,"column":6},"end":{"line":32,"column":7}},"10":{"start":{"line":31,"column":8},"end":{"line":31,"column":38}},"11":{"start":{"line":34,"column":6},"end":{"line":34,"column":25}},"12":{"start":{"line":36,"column":6},"end":{"line":36,"column":66}},"13":{"start":{"line":38,"column":6},"end":{"line":38,"column":24}},"14":{"start":{"line":43,"column":2},"end":{"line":45,"column":9}},"15":{"start":{"line":44,"column":4},"end":{"line":44,"column":16}},"16":{"start":{"line":47,"column":2},"end":{"line":64,"column":4}}},"fnMap":{"0":{"name":"FunZone","decl":{"start":{"line":13,"column":9},"end":{"line":13,"column":16}},"loc":{"start":{"line":13,"column":19},"end":{"line":65,"column":1}},"line":13},"1":{"name":"(anonymous_1)","decl":{"start":{"line":20,"column":20},"end":{"line":20,"column":21}},"loc":{"start":{"line":20,"column":32},"end":{"line":40,"column":3}},"line":20},"2":{"name":"(anonymous_2)","decl":{"start":{"line":43,"column":12},"end":{"line":43,"column":13}},"loc":{"start":{"line":43,"column":18},"end":{"line":45,"column":3}},"line":43}},"branchMap":{"0":{"loc":{"start":{"line":30,"column":6},"end":{"line":32,"column":7}},"type":"if","locations":[{"start":{"line":30,"column":6},"end":{"line":32,"column":7}},{"start":{},"end":{}}],"line":30},"1":{"loc":{"start":{"line":50,"column":7},"end":{"line":59,"column":7}},"type":"cond-expr","locations":[{"start":{"line":51,"column":8},"end":{"line":51,"column":49}},{"start":{"line":53,"column":6},"end":{"line":59,"column":7}}],"line":50},"2":{"loc":{"start":{"line":53,"column":6},"end":{"line":59,"column":7}},"type":"cond-expr","locations":[{"start":{"line":54,"column":8},"end":{"line":54,"column":44}},{"start":{"line":56,"column":8},"end":{"line":58,"column":14}}],"line":53}},"s":{"0":13,"1":13,"2":13,"3":13,"4":5,"5":5,"6":5,"7":5,"8":4,"9":3,"10":0,"11":3,"12":1,"13":4,"14":13,"15":4,"16":13},"f":{"0":13,"1":5,"2":4},"b":{"0":[0,3],"1":[5,8],"2":[1,7]},"_coverageSchema":"1a1c01bbd47fc00a2c39e90264f33305004495a9","hash":"0da05bfba5db782f3567f8fc84ef2430764852a6"}
,"/Users/emiguel/ej-health-care-tracker/src/components/HealthLogsForm.jsx": {"path":"/Users/emiguel/ej-health-care-tracker/src/components/HealthLogsForm.jsx","statementMap":{"0":{"start":{"line":15,"column":23},"end":{"line":134,"column":1}},"1":{"start":{"line":16,"column":38},"end":{"line":16,"column":50}},"2":{"start":{"line":17,"column":34},"end":{"line":17,"column":46}},"3":{"start":{"line":18,"column":44},"end":{"line":18,"column":56}},"4":{"start":{"line":19,"column":36},"end":{"line":19,"column":48}},"5":{"start":{"line":20,"column":40},"end":{"line":20,"column":52}},"6":{"start":{"line":21,"column":42},"end":{"line":21,"column":54}},"7":{"start":{"line":22,"column":28},"end":{"line":22,"column":40}},"8":{"start":{"line":26,"column":2},"end":{"line":36,"column":24}},"9":{"start":{"line":27,"column":4},"end":{"line":35,"column":5}},"10":{"start":{"line":28,"column":6},"end":{"line":28,"column":48}},"11":{"start":{"line":29,"column":6},"end":{"line":29,"column":44}},"12":{"start":{"line":30,"column":6},"end":{"line":30,"column":54}},"13":{"start":{"line":31,"column":6},"end":{"line":31,"column":46}},"14":{"start":{"line":32,"column":6},"end":{"line":32,"column":50}},"15":{"start":{"line":33,"column":6},"end":{"line":33,"column":52}},"16":{"start":{"line":34,"column":6},"end":{"line":34,"column":38}},"17":{"start":{"line":41,"column":23},"end":{"line":67,"column":3}},"18":{"start":{"line":42,"column":4},"end":{"line":42,"column":23}},"19":{"start":{"line":44,"column":26},"end":{"line":44,"column":110}},"20":{"start":{"line":46,"column":4},"end":{"line":66,"column":5}},"21":{"start":{"line":48,"column":6},"end":{"line":48,"column":41}},"22":{"start":{"line":51,"column":33},"end":{"line":51,"column":85}},"23":{"start":{"line":52,"column":6},"end":{"line":52,"column":45}},"24":{"start":{"line":53,"column":6},"end":{"line":53,"column":77}},"25":{"start":{"line":56,"column":6},"end":{"line":56,"column":24}},"26":{"start":{"line":57,"column":6},"end":{"line":57,"column":22}},"27":{"start":{"line":58,"column":6},"end":{"line":58,"column":27}},"28":{"start":{"line":59,"column":6},"end":{"line":59,"column":23}},"29":{"start":{"line":60,"column":6},"end":{"line":60,"column":25}},"30":{"start":{"line":61,"column":6},"end":{"line":61,"column":26}},"31":{"start":{"line":62,"column":6},"end":{"line":62,"column":19}},"32":{"start":{"line":65,"column":6},"end":{"line":65,"column":55}},"33":{"start":{"line":72,"column":28},"end":{"line":76,"column":3}},"34":{"start":{"line":73,"column":4},"end":{"line":75,"column":5}},"35":{"start":{"line":74,"column":6},"end":{"line":74,"column":36}},"36":{"start":{"line":78,"column":2},"end":{"line":133,"column":4}},"37":{"start":{"line":86,"column":31},"end":{"line":86,"column":60}},"38":{"start":{"line":91,"column":86},"end":{"line":91,"column":113}},"39":{"start":{"line":98,"column":31},"end":{"line":98,"column":63}},"40":{"start":{"line":104,"column":31},"end":{"line":104,"column":59}},"41":{"start":{"line":110,"column":31},"end":{"line":110,"column":61}},"42":{"start":{"line":116,"column":31},"end":{"line":116,"column":62}},"43":{"start":{"line":121,"column":77},"end":{"line":121,"column":101}},"44":{"start":{"line":136,"column":0},"end":{"line":147,"column":2}}},"fnMap":{"0":{"name":"(anonymous_0)","decl":{"start":{"line":15,"column":23},"end":{"line":15,"column":24}},"loc":{"start":{"line":15,"column":62},"end":{"line":134,"column":1}},"line":15},"1":{"name":"(anonymous_1)","decl":{"start":{"line":26,"column":12},"end":{"line":26,"column":13}},"loc":{"start":{"line":26,"column":18},"end":{"line":36,"column":3}},"line":26},"2":{"name":"(anonymous_2)","decl":{"start":{"line":41,"column":23},"end":{"line":41,"column":24}},"loc":{"start":{"line":41,"column":36},"end":{"line":67,"column":3}},"line":41},"3":{"name":"(anonymous_3)","decl":{"start":{"line":72,"column":28},"end":{"line":72,"column":29}},"loc":{"start":{"line":72,"column":34},"end":{"line":76,"column":3}},"line":72},"4":{"name":"(anonymous_4)","decl":{"start":{"line":86,"column":24},"end":{"line":86,"column":25}},"loc":{"start":{"line":86,"column":31},"end":{"line":86,"column":60}},"line":86},"5":{"name":"(anonymous_5)","decl":{"start":{"line":91,"column":79},"end":{"line":91,"column":80}},"loc":{"start":{"line":91,"column":86},"end":{"line":91,"column":113}},"line":91},"6":{"name":"(anonymous_6)","decl":{"start":{"line":98,"column":24},"end":{"line":98,"column":25}},"loc":{"start":{"line":98,"column":31},"end":{"line":98,"column":63}},"line":98},"7":{"name":"(anonymous_7)","decl":{"start":{"line":104,"column":24},"end":{"line":104,"column":25}},"loc":{"start":{"line":104,"column":31},"end":{"line":104,"column":59}},"line":104},"8":{"name":"(anonymous_8)","decl":{"start":{"line":110,"column":24},"end":{"line":110,"column":25}},"loc":{"start":{"line":110,"column":31},"end":{"line":110,"column":61}},"line":110},"9":{"name":"(anonymous_9)","decl":{"start":{"line":116,"column":24},"end":{"line":116,"column":25}},"loc":{"start":{"line":116,"column":31},"end":{"line":116,"column":62}},"line":116},"10":{"name":"(anonymous_10)","decl":{"start":{"line":121,"column":70},"end":{"line":121,"column":71}},"loc":{"start":{"line":121,"column":77},"end":{"line":121,"column":101}},"line":121}},"branchMap":{"0":{"loc":{"start":{"line":27,"column":4},"end":{"line":35,"column":5}},"type":"if","locations":[{"start":{"line":27,"column":4},"end":{"line":35,"column":5}},{"start":{},"end":{}}],"line":27},"1":{"loc":{"start":{"line":51,"column":33},"end":{"line":51,"column":85}},"type":"binary-expr","locations":[{"start":{"line":51,"column":33},"end":{"line":51,"column":79}},{"start":{"line":51,"column":83},"end":{"line":51,"column":85}}],"line":51},"2":{"loc":{"start":{"line":73,"column":4},"end":{"line":75,"column":5}},"type":"if","locations":[{"start":{"line":73,"column":4},"end":{"line":75,"column":5}},{"start":{},"end":{}}],"line":73},"3":{"loc":{"start":{"line":127,"column":11},"end":{"line":129,"column":11}},"type":"binary-expr","locations":[{"start":{"line":127,"column":11},"end":{"line":127,"column":26}},{"start":{"line":128,"column":12},"end":{"line":128,"column":111}}],"line":127}},"s":{"0":1,"1":12,"2":12,"3":12,"4":12,"5":12,"6":12,"7":12,"8":12,"9":3,"10":1,"11":1,"12":1,"13":1,"14":1,"15":1,"16":1,"17":12,"18":1,"19":1,"20":1,"21":1,"22":1,"23":1,"24":1,"25":1,"26":1,"27":1,"28":1,"29":1,"30":1,"31":1,"32":0,"33":12,"34":1,"35":1,"36":12,"37":1,"38":1,"39":1,"40":1,"41":1,"42":1,"43":1,"44":1},"f":{"0":12,"1":3,"2":1,"3":1,"4":1,"5":1,"6":1,"7":1,"8":1,"9":1,"10":1},"b":{"0":[1,2],"1":[1,1],"2":[1,0],"3":[12,2]},"_coverageSchema":"1a1c01bbd47fc00a2c39e90264f33305004495a9","hash":"6db464362e832133e6949887211e59d4997bb03d"}
,"/Users/emiguel/ej-health-care-tracker/src/components/HealthWisdom.jsx": {"path":"/Users/emiguel/ej-health-care-tracker/src/components/HealthWisdom.jsx","statementMap":{"0":{"start":{"line":12,"column":21},"end":{"line":55,"column":1}},"1":{"start":{"line":14,"column":32},"end":{"line":14,"column":44}},"2":{"start":{"line":15,"column":34},"end":{"line":15,"column":49}},"3":{"start":{"line":16,"column":30},"end":{"line":16,"column":42}},"4":{"start":{"line":19,"column":24},"end":{"line":31,"column":5}},"5":{"start":{"line":20,"column":8},"end":{"line":20,"column":25}},"6":{"start":{"line":21,"column":8},"end":{"line":21,"column":21}},"7":{"start":{"line":22,"column":8},"end":{"line":30,"column":9}},"8":{"start":{"line":23,"column":29},"end":{"line":23,"column":77}},"9":{"start":{"line":24,"column":25},"end":{"line":24,"column":46}},"10":{"start":{"line":25,"column":12},"end":{"line":25,"column":40}},"11":{"start":{"line":27,"column":12},"end":{"line":27,"column":63}},"12":{"start":{"line":29,"column":12},"end":{"line":29,"column":30}},"13":{"start":{"line":34,"column":4},"end":{"line":36,"column":11}},"14":{"start":{"line":35,"column":8},"end":{"line":35,"column":22}},"15":{"start":{"line":38,"column":4},"end":{"line":54,"column":6}}},"fnMap":{"0":{"name":"(anonymous_0)","decl":{"start":{"line":12,"column":21},"end":{"line":12,"column":22}},"loc":{"start":{"line":12,"column":27},"end":{"line":55,"column":1}},"line":12},"1":{"name":"(anonymous_1)","decl":{"start":{"line":19,"column":24},"end":{"line":19,"column":25}},"loc":{"start":{"line":19,"column":36},"end":{"line":31,"column":5}},"line":19},"2":{"name":"(anonymous_2)","decl":{"start":{"line":34,"column":14},"end":{"line":34,"column":15}},"loc":{"start":{"line":34,"column":20},"end":{"line":36,"column":5}},"line":34}},"branchMap":{"0":{"loc":{"start":{"line":42,"column":13},"end":{"line":50,"column":13}},"type":"cond-expr","locations":[{"start":{"line":43,"column":16},"end":{"line":43,"column":57}},{"start":{"line":44,"column":16},"end":{"line":50,"column":13}}],"line":42},"1":{"loc":{"start":{"line":44,"column":16},"end":{"line":50,"column":13}},"type":"cond-expr","locations":[{"start":{"line":45,"column":16},"end":{"line":45,"column":52}},{"start":{"line":47,"column":16},"end":{"line":49,"column":22}}],"line":44}},"s":{"0":1,"1":13,"2":13,"3":13,"4":13,"5":5,"6":5,"7":5,"8":5,"9":4,"10":3,"11":1,"12":4,"13":13,"14":4,"15":13},"f":{"0":13,"1":5,"2":4},"b":{"0":[5,8],"1":[1,7]},"_coverageSchema":"1a1c01bbd47fc00a2c39e90264f33305004495a9","hash":"126a76c5dac1ac8273efab7e5eec113827f958e2"}
,"/Users/emiguel/ej-health-care-tracker/src/components/HelloMessage.jsx": {"path":"/Users/emiguel/ej-health-care-tracker/src/components/HelloMessage.jsx","statementMap":{"0":{"start":{"line":14,"column":2},"end":{"line":20,"column":4}}},"fnMap":{"0":{"name":"HelloMessage","decl":{"start":{"line":13,"column":9},"end":{"line":13,"column":21}},"loc":{"start":{"line":13,"column":37},"end":{"line":21,"column":1}},"line":13}},"branchMap":{"0":{"loc":{"start":{"line":15,"column":4},"end":{"line":19,"column":5}},"type":"binary-expr","locations":[{"start":{"line":15,"column":4},"end":{"line":15,"column":13}},{"start":{"line":16,"column":6},"end":{"line":18,"column":12}}],"line":15}},"s":{"0":2},"f":{"0":2},"b":{"0":[2,1]},"_coverageSchema":"1a1c01bbd47fc00a2c39e90264f33305004495a9","hash":"6e0bc05070cc280c5fbed8ac351b7ff842f20ac2"}
,"/Users/emiguel/ej-health-care-tracker/src/components/MedicationsForm.jsx": {"path":"/Users/emiguel/ej-health-care-tracker/src/components/MedicationsForm.jsx","statementMap":{"0":{"start":{"line":15,"column":24},"end":{"line":109,"column":1}},"1":{"start":{"line":16,"column":46},"end":{"line":16,"column":58}},"2":{"start":{"line":17,"column":30},"end":{"line":17,"column":42}},"3":{"start":{"line":18,"column":36},"end":{"line":18,"column":48}},"4":{"start":{"line":19,"column":32},"end":{"line":19,"column":44}},"5":{"start":{"line":20,"column":42},"end":{"line":20,"column":54}},"6":{"start":{"line":22,"column":2},"end":{"line":30,"column":24}},"7":{"start":{"line":23,"column":4},"end":{"line":29,"column":5}},"8":{"start":{"line":24,"column":6},"end":{"line":24,"column":57}},"9":{"start":{"line":25,"column":6},"end":{"line":25,"column":41}},"10":{"start":{"line":26,"column":6},"end":{"line":26,"column":47}},"11":{"start":{"line":27,"column":6},"end":{"line":27,"column":43}},"12":{"start":{"line":28,"column":6},"end":{"line":28,"column":53}},"13":{"start":{"line":32,"column":23},"end":{"line":58,"column":1}},"14":{"start":{"line":33,"column":4},"end":{"line":33,"column":23}},"15":{"start":{"line":35,"column":27},"end":{"line":35,"column":85}},"16":{"start":{"line":37,"column":4},"end":{"line":57,"column":3}},"17":{"start":{"line":38,"column":6},"end":{"line":38,"column":43}},"18":{"start":{"line":41,"column":32},"end":{"line":41,"column":85}},"19":{"start":{"line":44,"column":4},"end":{"line":44,"column":45}},"20":{"start":{"line":47,"column":4},"end":{"line":47,"column":77}},"21":{"start":{"line":50,"column":4},"end":{"line":50,"column":26}},"22":{"start":{"line":51,"column":4},"end":{"line":51,"column":18}},"23":{"start":{"line":52,"column":4},"end":{"line":52,"column":21}},"24":{"start":{"line":53,"column":4},"end":{"line":53,"column":19}},"25":{"start":{"line":54,"column":4},"end":{"line":54,"column":24}},"26":{"start":{"line":56,"column":4},"end":{"line":56,"column":53}},"27":{"start":{"line":60,"column":26},"end":{"line":64,"column":1}},"28":{"start":{"line":61,"column":2},"end":{"line":63,"column":3}},"29":{"start":{"line":62,"column":4},"end":{"line":62,"column":35}},"30":{"start":{"line":66,"column":2},"end":{"line":108,"column":4}},"31":{"start":{"line":74,"column":31},"end":{"line":74,"column":64}},"32":{"start":{"line":79,"column":91},"end":{"line":79,"column":116}},"33":{"start":{"line":86,"column":33},"end":{"line":86,"column":61}},"34":{"start":{"line":91,"column":94},"end":{"line":91,"column":120}},"35":{"start":{"line":96,"column":100},"end":{"line":96,"column":131}},"36":{"start":{"line":112,"column":0},"end":{"line":121,"column":2}}},"fnMap":{"0":{"name":"(anonymous_0)","decl":{"start":{"line":15,"column":24},"end":{"line":15,"column":25}},"loc":{"start":{"line":15,"column":64},"end":{"line":109,"column":1}},"line":15},"1":{"name":"(anonymous_1)","decl":{"start":{"line":22,"column":12},"end":{"line":22,"column":13}},"loc":{"start":{"line":22,"column":18},"end":{"line":30,"column":3}},"line":22},"2":{"name":"(anonymous_2)","decl":{"start":{"line":32,"column":23},"end":{"line":32,"column":24}},"loc":{"start":{"line":32,"column":36},"end":{"line":58,"column":1}},"line":32},"3":{"name":"(anonymous_3)","decl":{"start":{"line":60,"column":26},"end":{"line":60,"column":27}},"loc":{"start":{"line":60,"column":32},"end":{"line":64,"column":1}},"line":60},"4":{"name":"(anonymous_4)","decl":{"start":{"line":74,"column":24},"end":{"line":74,"column":25}},"loc":{"start":{"line":74,"column":31},"end":{"line":74,"column":64}},"line":74},"5":{"name":"(anonymous_5)","decl":{"start":{"line":79,"column":84},"end":{"line":79,"column":85}},"loc":{"start":{"line":79,"column":91},"end":{"line":79,"column":116}},"line":79},"6":{"name":"(anonymous_6)","decl":{"start":{"line":86,"column":26},"end":{"line":86,"column":27}},"loc":{"start":{"line":86,"column":33},"end":{"line":86,"column":61}},"line":86},"7":{"name":"(anonymous_7)","decl":{"start":{"line":91,"column":87},"end":{"line":91,"column":88}},"loc":{"start":{"line":91,"column":94},"end":{"line":91,"column":120}},"line":91},"8":{"name":"(anonymous_8)","decl":{"start":{"line":96,"column":93},"end":{"line":96,"column":94}},"loc":{"start":{"line":96,"column":100},"end":{"line":96,"column":131}},"line":96}},"branchMap":{"0":{"loc":{"start":{"line":23,"column":4},"end":{"line":29,"column":5}},"type":"if","locations":[{"start":{"line":23,"column":4},"end":{"line":29,"column":5}},{"start":{},"end":{}}],"line":23},"1":{"loc":{"start":{"line":41,"column":32},"end":{"line":41,"column":85}},"type":"binary-expr","locations":[{"start":{"line":41,"column":32},"end":{"line":41,"column":79}},{"start":{"line":41,"column":83},"end":{"line":41,"column":85}}],"line":41},"2":{"loc":{"start":{"line":61,"column":2},"end":{"line":63,"column":3}},"type":"if","locations":[{"start":{"line":61,"column":2},"end":{"line":63,"column":3}},{"start":{},"end":{}}],"line":61},"3":{"loc":{"start":{"line":102,"column":13},"end":{"line":104,"column":13}},"type":"binary-expr","locations":[{"start":{"line":102,"column":13},"end":{"line":102,"column":29}},{"start":{"line":103,"column":14},"end":{"line":103,"column":113}}],"line":102}},"s":{"0":1,"1":10,"2":10,"3":10,"4":10,"5":10,"6":10,"7":3,"8":1,"9":1,"10":1,"11":1,"12":1,"13":10,"14":1,"15":1,"16":1,"17":1,"18":1,"19":1,"20":1,"21":1,"22":1,"23":1,"24":1,"25":1,"26":0,"27":10,"28":1,"29":1,"30":10,"31":1,"32":1,"33":1,"34":1,"35":1,"36":1},"f":{"0":10,"1":3,"2":1,"3":1,"4":1,"5":1,"6":1,"7":1,"8":1},"b":{"0":[1,2],"1":[1,1],"2":[1,0],"3":[10,2]},"_coverageSchema":"1a1c01bbd47fc00a2c39e90264f33305004495a9","hash":"1cda876f0b40cadb8139c7aa0e7eeaa567b76441"}
,"/Users/emiguel/ej-health-care-tracker/src/pages/DeleteAccountPage.jsx": {"path":"/Users/emiguel/ej-health-care-tracker/src/pages/DeleteAccountPage.jsx","statementMap":{"0":{"start":{"line":7,"column":26},"end":{"line":37,"column":1}},"1":{"start":{"line":8,"column":21},"end":{"line":8,"column":34}},"2":{"start":{"line":9,"column":34},"end":{"line":9,"column":49}},"3":{"start":{"line":10,"column":30},"end":{"line":10,"column":42}},"4":{"start":{"line":12,"column":25},"end":{"line":24,"column":5}},"5":{"start":{"line":13,"column":8},"end":{"line":13,"column":25}},"6":{"start":{"line":14,"column":8},"end":{"line":14,"column":21}},"7":{"start":{"line":15,"column":8},"end":{"line":23,"column":9}},"8":{"start":{"line":16,"column":12},"end":{"line":16,"column":34}},"9":{"start":{"line":17,"column":12},"end":{"line":17,"column":65}},"10":{"start":{"line":18,"column":12},"end":{"line":18,"column":34}},"11":{"start":{"line":20,"column":12},"end":{"line":20,"column":68}},"12":{"start":{"line":22,"column":12},"end":{"line":22,"column":30}},"13":{"start":{"line":26,"column":4},"end":{"line":36,"column":6}},"14":{"start":{"line":34,"column":58},"end":{"line":34,"column":71}}},"fnMap":{"0":{"name":"(anonymous_0)","decl":{"start":{"line":7,"column":26},"end":{"line":7,"column":27}},"loc":{"start":{"line":7,"column":32},"end":{"line":37,"column":1}},"line":7},"1":{"name":"(anonymous_1)","decl":{"start":{"line":12,"column":25},"end":{"line":12,"column":26}},"loc":{"start":{"line":12,"column":37},"end":{"line":24,"column":5}},"line":12},"2":{"name":"(anonymous_2)","decl":{"start":{"line":34,"column":52},"end":{"line":34,"column":53}},"loc":{"start":{"line":34,"column":58},"end":{"line":34,"column":71}},"line":34}},"branchMap":{"0":{"loc":{"start":{"line":30,"column":13},"end":{"line":30,"column":54}},"type":"binary-expr","locations":[{"start":{"line":30,"column":13},"end":{"line":30,"column":18}},{"start":{"line":30,"column":22},"end":{"line":30,"column":54}}],"line":30},"1":{"loc":{"start":{"line":32,"column":17},"end":{"line":32,"column":67}},"type":"cond-expr","locations":[{"start":{"line":32,"column":27},"end":{"line":32,"column":40}},{"start":{"line":32,"column":43},"end":{"line":32,"column":67}}],"line":32}},"s":{"0":1,"1":8,"2":8,"3":8,"4":8,"5":2,"6":2,"7":2,"8":2,"9":1,"10":1,"11":1,"12":2,"13":8,"14":1},"f":{"0":8,"1":2,"2":1},"b":{"0":[8,1],"1":[2,6]},"_coverageSchema":"1a1c01bbd47fc00a2c39e90264f33305004495a9","hash":"3211efbfd037308f3d259cf3500eb4938d9d8c14"}
,"/Users/emiguel/ej-health-care-tracker/src/pages/Footer.jsx": {"path":"/Users/emiguel/ej-health-care-tracker/src/pages/Footer.jsx","statementMap":{"0":{"start":{"line":13,"column":15},"end":{"line":19,"column":1}},"1":{"start":{"line":14,"column":2},"end":{"line":18,"column":4}}},"fnMap":{"0":{"name":"(anonymous_0)","decl":{"start":{"line":13,"column":15},"end":{"line":13,"column":16}},"loc":{"start":{"line":13,"column":21},"end":{"line":19,"column":1}},"line":13}},"branchMap":{},"s":{"0":1,"1":7},"f":{"0":7},"b":{},"_coverageSchema":"1a1c01bbd47fc00a2c39e90264f33305004495a9","hash":"5978a8a746264f8d127072b9d632c29366c08c98"}
,"/Users/emiguel/ej-health-care-tracker/src/pages/FunZonePage.jsx": {"path":"/Users/emiguel/ej-health-care-tracker/src/pages/FunZonePage.jsx","statementMap":{"0":{"start":{"line":14,"column":2},"end":{"line":19,"column":4}}},"fnMap":{"0":{"name":"FunZonePage","decl":{"start":{"line":13,"column":9},"end":{"line":13,"column":20}},"loc":{"start":{"line":13,"column":23},"end":{"line":20,"column":1}},"line":13}},"branchMap":{},"s":{"0":1},"f":{"0":1},"b":{},"_coverageSchema":"1a1c01bbd47fc00a2c39e90264f33305004495a9","hash":"2ddb8c57389845fb504779a9e4e238520fd12d29"}
,"/Users/emiguel/ej-health-care-tracker/src/pages/HomePage.jsx": {"path":"/Users/emiguel/ej-health-care-tracker/src/pages/HomePage.jsx","statementMap":{"0":{"start":{"line":18,"column":17},"end":{"line":55,"column":1}},"1":{"start":{"line":19,"column":34},"end":{"line":19,"column":46}},"2":{"start":{"line":20,"column":19},"end":{"line":20,"column":32}},"3":{"start":{"line":22,"column":2},"end":{"line":33,"column":9}},"4":{"start":{"line":24,"column":17},"end":{"line":24,"column":33}},"5":{"start":{"line":26,"column":4},"end":{"line":32,"column":5}},"6":{"start":{"line":28,"column":6},"end":{"line":28,"column":36}},"7":{"start":{"line":31,"column":6},"end":{"line":31,"column":22}},"8":{"start":{"line":35,"column":2},"end":{"line":54,"column":4}},"9":{"start":{"line":43,"column":59},"end":{"line":43,"column":80}},"10":{"start":{"line":44,"column":59},"end":{"line":44,"column":86}},"11":{"start":{"line":45,"column":59},"end":{"line":45,"column":82}}},"fnMap":{"0":{"name":"(anonymous_0)","decl":{"start":{"line":18,"column":17},"end":{"line":18,"column":18}},"loc":{"start":{"line":18,"column":23},"end":{"line":55,"column":1}},"line":18},"1":{"name":"(anonymous_1)","decl":{"start":{"line":22,"column":12},"end":{"line":22,"column":13}},"loc":{"start":{"line":22,"column":18},"end":{"line":33,"column":3}},"line":22},"2":{"name":"(anonymous_2)","decl":{"start":{"line":43,"column":53},"end":{"line":43,"column":54}},"loc":{"start":{"line":43,"column":59},"end":{"line":43,"column":80}},"line":43},"3":{"name":"(anonymous_3)","decl":{"start":{"line":44,"column":53},"end":{"line":44,"column":54}},"loc":{"start":{"line":44,"column":59},"end":{"line":44,"column":86}},"line":44},"4":{"name":"(anonymous_4)","decl":{"start":{"line":45,"column":53},"end":{"line":45,"column":54}},"loc":{"start":{"line":45,"column":59},"end":{"line":45,"column":82}},"line":45}},"branchMap":{"0":{"loc":{"start":{"line":26,"column":4},"end":{"line":32,"column":5}},"type":"if","locations":[{"start":{"line":26,"column":4},"end":{"line":32,"column":5}},{"start":{"line":29,"column":11},"end":{"line":32,"column":5}}],"line":26},"1":{"loc":{"start":{"line":26,"column":8},"end":{"line":26,"column":32}},"type":"binary-expr","locations":[{"start":{"line":26,"column":8},"end":{"line":26,"column":12}},{"start":{"line":26,"column":16},"end":{"line":26,"column":32}}],"line":26},"2":{"loc":{"start":{"line":38,"column":11},"end":{"line":38,"column":108}},"type":"cond-expr","locations":[{"start":{"line":38,"column":22},"end":{"line":38,"column":70}},{"start":{"line":38,"column":73},"end":{"line":38,"column":108}}],"line":38}},"s":{"0":1,"1":8,"2":8,"3":8,"4":3,"5":3,"6":1,"7":2,"8":8,"9":1,"10":1,"11":1},"f":{"0":8,"1":3,"2":1,"3":1,"4":1},"b":{"0":[1,2],"1":[3,1],"2":[1,7]},"_coverageSchema":"1a1c01bbd47fc00a2c39e90264f33305004495a9","hash":"306c1c61682f8b86247d5388c995443e9155abc8"}
}
